[22:28:57] [main/INFO] (FabricLoader/GameProvider) Loading Minecraft 1.19.2 with Fabric Loader 0.16.10
[22:28:57] [main/INFO] (FabricLoader) Loading 68 mods:
	- devauth 1.2.0
	- fabric-api 0.77.0+1.19.2
	- fabric-api-base 0.4.15+8f4e8eb390
	- fabric-api-lookup-api-v1 1.6.14+93d8cb8290
	- fabric-biome-api-v1 9.1.1+16f1e31390
	- fabric-block-api-v1 1.0.2+e415d50e90
	- fabric-blockrenderlayer-v1 1.1.25+cafc6e8e90
	- fabric-client-tags-api-v1 1.0.5+b35fea8390
	- fabric-command-api-v2 2.2.1+413cbbc790
	- fabric-content-registries-v0 3.5.2+7c6cd14d90
	- fabric-convention-tags-v1 1.3.0+4bc6e26290
	- fabric-crash-report-info-v1 0.2.8+aeb40ebe90
	- fabric-data-generation-api-v1 5.3.9+413cbbc790
	- fabric-dimensions-v1 2.1.35+0d0f210290
	- fabric-entity-events-v1 1.5.4+9244241690
	- fabric-events-interaction-v0 0.4.34+562bff6e90
	- fabric-game-rule-api-v1 1.0.24+b6b6abb490
	- fabric-gametest-api-v1 1.1.8+4d0d570390
	- fabric-item-api-v1 1.6.6+b7d1888890
	- fabric-item-groups-v0 0.3.39+9244241690
	- fabric-key-binding-api-v1 1.0.25+5c4fce2890
	- fabric-lifecycle-events-v1 2.2.4+1b46dc7890
	- fabric-loot-api-v2 1.1.13+83a8659290
	- fabric-message-api-v1 5.0.7+93d8cb8290
	- fabric-mining-level-api-v1 2.1.24+33fbc73890
	- fabric-models-v0 0.3.21+c6af733c90
	- fabric-networking-api-v1 1.2.12+def3f86d90
	- fabric-object-builder-api-v1 4.2.2+d8ef690890
	- fabric-particles-v1 1.1.0+ee641e7390
	- fabric-recipe-api-v1 1.0.2+413cbbc790
	- fabric-registry-sync-v0 0.9.33+9244241690
	- fabric-renderer-api-v1 1.2.1+1adbf27790
	- fabric-renderer-indigo 0.8.0+1adbf27790
	- fabric-rendering-data-attachment-v1 0.3.19+6e0787e690
	- fabric-rendering-fluids-v1 3.0.11+4d0d570390
	- fabric-rendering-v1 1.13.0+526f2c6790
	- fabric-resource-conditions-api-v1 2.1.2+aae9039d90
	- fabric-resource-loader-v0 0.8.4+edbdcddb90
	- fabric-screen-api-v1 1.0.32+4d0d570390
	- fabric-screen-handler-api-v1 1.3.8+1cc24b1b90
	- fabric-sound-api-v1 1.0.2+c4f28df590
	- fabric-textures-v0 1.0.24+aeb40ebe90
	- fabric-transfer-api-v1 2.1.6+413cbbc790
	- fabric-transitive-access-wideners-v1 1.3.3+08b73de490
	- fabricloader 0.16.10
	   \-- mixinextras 0.4.1
	- geckolib3 3.1.40
	   \-- com_eliotlash_mclib_mclib 20
	- icarus 1.14
	- java 17
	- midnightlib 1.0.0
	- minecraft 1.19.2
	- modmenu 4.2.0-beta.2
	- origins 1.7.1
	   |-- apoli 2.6.1
	   |    |-- additionalentityattributes 1.0.0+1.19
	   |    |-- calio 1.7.0
	   |    |-- cloth-config 8.0.75
	   |    |    \-- cloth-basic-math 0.6.1
	   |    \-- playerabilitylib 1.6.0
	   \-- reach-entity-attributes 2.3.0
	- pickyourpoison 1.0.11
	   |-- cardinal-components-base 5.0.2
	   |-- cardinal-components-entity 5.0.2
	   |-- org_json_json 20211205
	   \-- satin 1.8.0
	- timeshattered 0.0.1-1.19.2
	- trinkets 3.4.2
[22:29:02] [main/INFO] (FabricLoader/Mixin) SpongePowered MIXIN Subsystem Version=0.8.7 Source=file:/C:/Users/oskar/.gradle/caches/modules-2/files-2.1/net.fabricmc/sponge-mixin/0.15.4+mixin.0.8.7/6a12aacc794f1078458433116e9ed42c1cc98096/sponge-mixin-0.15.4+mixin.0.8.7.jar Service=Knot/Fabric Env=CLIENT
[22:29:02] [main/INFO] (FabricLoader/Mixin) Loaded Fabric development mappings for mixin remapper!
[22:29:03] [main/INFO] (FabricLoader/Mixin) Compatibility level set to JAVA_16
[22:29:03] [main/INFO] (FabricLoader/Mixin) Compatibility level set to JAVA_17
[22:29:03] [main/INFO] (FabricLoader/MixinExtras|Service) Initializing MixinExtras via com.llamalad7.mixinextras.service.MixinExtrasServiceImpl(version=0.4.1).
[22:29:04] [main/INFO] (DevAuth) Successfully logged in as Super_Happy
[22:29:07] [main/INFO] (Minecraft) Building optimized datafixer
[22:29:09] [main/INFO] (FabricLoader/Mixin) apoli.mixins.json:ItemSlotArgumentTypeAccessor from mod apoli->@Accessor[FIELD_GETTER]::getSlotNamesToSlotCommandId()Ljava/util/Map; should be static as its target is
[22:29:10] [Render thread/INFO] (Minecraft) Environment: authHost='https://authserver.mojang.com', accountsHost='https://api.mojang.com', sessionHost='https://sessionserver.mojang.com', servicesHost='https://api.minecraftservices.com', name='PROD'
[22:29:11] [Render thread/INFO] (Minecraft) Setting user: Super_Happy
[22:29:11] [Render thread/INFO] (Apoli) Apoli 2.6.1 has initialized. Ready to power up your game!
[22:29:11] [Render thread/ERROR] (Minecraft) No data fixer registered for geoexampleentity
[22:29:11] [Render thread/ERROR] (Minecraft) No data fixer registered for bikeentity
[22:29:11] [Render thread/ERROR] (Minecraft) No data fixer registered for carentity
[22:29:11] [Render thread/ERROR] (Minecraft) No data fixer registered for extendedrendererentity
[22:29:11] [Render thread/ERROR] (Minecraft) No data fixer registered for textureperbonetestentity
[22:29:11] [Render thread/ERROR] (Minecraft) No data fixer registered for leentity
[22:29:11] [Render thread/ERROR] (Minecraft) No data fixer registered for rocketprojectile
[22:29:12] [Render thread/INFO] (Origins) Origins 1.7.1 is initializing. Have fun!
[22:29:12] [Render thread/INFO] (Indigo) [Indigo] Registering Indigo renderer!
[22:29:13] [Worker-Main-12/INFO] (Mod Menu/Update Checker) Checking mod updates...
[22:29:13] [Worker-Main-12/INFO] (Mod Menu/Update Checker) Update available for 'icarus@1.14', (-> 1.14.1)
[22:29:13] [Render thread/INFO] (Minecraft) Backend library: LWJGL version 3.3.1 SNAPSHOT
[22:29:15] [Render thread/INFO] (Minecraft) Reloading ResourceManager: Default, Fabric Mods (Reach Entity Attributes, Fabric Entity Events (v1), MidnightLib, Fabric Renderer API (v1), Fabric BlockRenderLayer Registration (v1), Fabric Rendering (v1), Fabric Loader, Fabric Registry Sync (v0), Fabric Data Generation API (v1), Fabric Mining Level API (v1), Fabric Resource Loader (v0), Fabric Content Registries (v0), Fabric Rendering Data Attachment (v1), Fabric Renderer - Indigo, Cardinal Components API (base), Calio, Apoli, Satin, Fabric Events Interaction (v0), Timeshattered, Fabric Transfer API (v1), Fabric Game Rule API (v1), Geckolib, Fabric Command API (v2), Fabric Block API (v1), Pick Your Poison, Fabric Item Groups (v0), Additionalentityattributes, Fabric Recipe API (v1), Fabric Rendering Fluids (v1), Fabric API, Fabric Screen API (v1), DevAuth, Fabric API Lookup API (v1), Fabric Particles (v1), Fabric Convention Tags, Cloth Config v8, Trinkets, Icarus, Fabric Loot API (v2), Fabric Sound API (v1), Fabric Crash Report Info (v1), Fabric Lifecycle Events (v1), Fabric Object Builder API (v1), Fabric Dimensions API (v1), Mod Menu, Fabric Textures (v0), Fabric Resource Conditions API (v1), Fabric Game Test API (v1), Fabric Biome API (v1), Fabric Message API (v1), Origins, Fabric API Base, Cardinal Components API (entities), Fabric Transitive Access Wideners (v1), Fabric Key Binding API (v1), Fabric Networking API (v1), Fabric Screen Handler API (v1), Fabric Models (v0), Fabric Client Tags, Pal, Fabric Item API (v1))
[22:29:15] [Render thread/INFO] (timeshattered) This line is printed by an example mod mixin!
[22:29:16] [Worker-Main-15/INFO] (Minecraft) [STDERR]: java.lang.IndexOutOfBoundsException: Index -1 out of bounds for length 0
[22:29:16] [Worker-Main-15/INFO] (Minecraft) [STDERR]: 	at java.base/jdk.internal.util.Preconditions.outOfBounds(Preconditions.java:64)
[22:29:16] [Worker-Main-15/INFO] (Minecraft) [STDERR]: 	at java.base/jdk.internal.util.Preconditions.outOfBoundsCheckIndex(Preconditions.java:70)
[22:29:16] [Worker-Main-15/INFO] (Minecraft) [STDERR]: 	at java.base/jdk.internal.util.Preconditions.checkIndex(Preconditions.java:266)
[22:29:16] [Worker-Main-15/INFO] (Minecraft) [STDERR]: 	at java.base/java.util.Objects.checkIndex(Objects.java:361)
[22:29:16] [Worker-Main-15/INFO] (Minecraft) [STDERR]: 	at java.base/java.util.ArrayList$SubList.get(ArrayList.java:1149)
[22:29:16] [Worker-Main-15/INFO] (Minecraft) [STDERR]: 	at knot//software.bernie.shadowed.eliotlash.mclib.math.MathBuilder.parseSymbols(MathBuilder.java:306)
[22:29:16] [Worker-Main-15/INFO] (Minecraft) [STDERR]: 	at knot//software.bernie.shadowed.eliotlash.mclib.math.MathBuilder.parseSymbols(MathBuilder.java:282)
[22:29:16] [Worker-Main-15/INFO] (Minecraft) [STDERR]: 	at knot//software.bernie.shadowed.eliotlash.mclib.math.MathBuilder.createFunction(MathBuilder.java:439)
[22:29:16] [Worker-Main-15/INFO] (Minecraft) [STDERR]: 	at knot//software.bernie.shadowed.eliotlash.mclib.math.MathBuilder.parseSymbols(MathBuilder.java:266)
[22:29:16] [Worker-Main-15/INFO] (Minecraft) [STDERR]: 	at knot//software.bernie.shadowed.eliotlash.mclib.math.MathBuilder.parseSymbols(MathBuilder.java:308)
[22:29:16] [Worker-Main-15/INFO] (Minecraft) [STDERR]: 	at knot//software.bernie.shadowed.eliotlash.mclib.math.MathBuilder.parseSymbols(MathBuilder.java:283)
[22:29:16] [Worker-Main-15/INFO] (Minecraft) [STDERR]: 	at knot//software.bernie.geckolib3.core.molang.MolangParser.parseSymbolsMolang(MolangParser.java:228)
[22:29:16] [Worker-Main-15/INFO] (Minecraft) [STDERR]: 	at knot//software.bernie.geckolib3.core.molang.MolangParser.parseOneLine(MolangParser.java:216)
[22:29:16] [Worker-Main-15/INFO] (Minecraft) [STDERR]: 	at knot//software.bernie.geckolib3.core.molang.MolangParser.parseExpression(MolangParser.java:174)
[22:29:16] [Worker-Main-15/INFO] (Minecraft) [STDERR]: 	at knot//software.bernie.geckolib3.core.molang.MolangParser.parseJson(MolangParser.java:154)
[22:29:16] [Worker-Main-15/INFO] (Minecraft) [STDERR]: 	at knot//software.bernie.geckolib3.util.json.JsonKeyFrameUtils.parseExpression(JsonKeyFrameUtils.java:179)
[22:29:16] [Worker-Main-15/INFO] (Minecraft) [STDERR]: 	at knot//software.bernie.geckolib3.util.json.JsonKeyFrameUtils.convertJson(JsonKeyFrameUtils.java:57)
[22:29:16] [Worker-Main-15/INFO] (Minecraft) [STDERR]: 	at knot//software.bernie.geckolib3.util.json.JsonKeyFrameUtils.convertJsonToRotationKeyFrames(JsonKeyFrameUtils.java:173)
[22:29:16] [Worker-Main-15/INFO] (Minecraft) [STDERR]: 	at knot//software.bernie.geckolib3.util.json.JsonAnimationUtils.deserializeJsonToAnimation(JsonAnimationUtils.java:278)
[22:29:16] [Worker-Main-15/INFO] (Minecraft) [STDERR]: 	at knot//software.bernie.geckolib3.file.AnimationFileLoader.loadAllAnimations(AnimationFileLoader.java:32)
[22:29:16] [Worker-Main-15/INFO] (Minecraft) [STDERR]: 	at knot//software.bernie.geckolib3.resource.GeckoLibCache.lambda$reload$0(GeckoLibCache.java:73)
[22:29:16] [Worker-Main-15/INFO] (Minecraft) [STDERR]: 	at knot//software.bernie.geckolib3.resource.GeckoLibCache.lambda$loadResources$5(GeckoLibCache.java:91)
[22:29:16] [Worker-Main-15/INFO] (Minecraft) [STDERR]: 	at java.base/java.util.concurrent.CompletableFuture$AsyncSupply.run(CompletableFuture.java:1768)
[22:29:16] [Worker-Main-15/INFO] (Minecraft) [STDERR]: 	at java.base/java.util.concurrent.CompletableFuture$AsyncSupply.exec(CompletableFuture.java:1760)
[22:29:16] [Worker-Main-15/INFO] (Minecraft) [STDERR]: 	at java.base/java.util.concurrent.ForkJoinTask.doExec(ForkJoinTask.java:373)
[22:29:16] [Worker-Main-15/INFO] (Minecraft) [STDERR]: 	at java.base/java.util.concurrent.ForkJoinPool$WorkQueue.topLevelExec(ForkJoinPool.java:1182)
[22:29:16] [Worker-Main-15/INFO] (Minecraft) [STDERR]: 	at java.base/java.util.concurrent.ForkJoinPool.scan(ForkJoinPool.java:1655)
[22:29:16] [Worker-Main-15/INFO] (Minecraft) [STDERR]: 	at java.base/java.util.concurrent.ForkJoinPool.runWorker(ForkJoinPool.java:1622)
[22:29:16] [Worker-Main-15/INFO] (Minecraft) [STDERR]: 	at java.base/java.util.concurrent.ForkJoinWorkerThread.run(ForkJoinWorkerThread.java:165)
[22:29:16] [Worker-Main-15/INFO] (Minecraft) [STDERR]: java.lang.IndexOutOfBoundsException: Index -1 out of bounds for length 0
[22:29:16] [Worker-Main-15/INFO] (Minecraft) [STDERR]: 	at java.base/jdk.internal.util.Preconditions.outOfBounds(Preconditions.java:64)
[22:29:16] [Worker-Main-15/INFO] (Minecraft) [STDERR]: 	at java.base/jdk.internal.util.Preconditions.outOfBoundsCheckIndex(Preconditions.java:70)
[22:29:16] [Worker-Main-15/INFO] (Minecraft) [STDERR]: 	at java.base/jdk.internal.util.Preconditions.checkIndex(Preconditions.java:266)
[22:29:16] [Worker-Main-15/INFO] (Minecraft) [STDERR]: 	at java.base/java.util.Objects.checkIndex(Objects.java:361)
[22:29:16] [Worker-Main-15/INFO] (Minecraft) [STDERR]: 	at java.base/java.util.ArrayList$SubList.get(ArrayList.java:1149)
[22:29:16] [Worker-Main-15/INFO] (Minecraft) [STDERR]: 	at knot//software.bernie.shadowed.eliotlash.mclib.math.MathBuilder.parseSymbols(MathBuilder.java:306)
[22:29:16] [Worker-Main-15/INFO] (Minecraft) [STDERR]: 	at knot//software.bernie.shadowed.eliotlash.mclib.math.MathBuilder.parseSymbols(MathBuilder.java:282)
[22:29:16] [Worker-Main-15/INFO] (Minecraft) [STDERR]: 	at knot//software.bernie.shadowed.eliotlash.mclib.math.MathBuilder.createFunction(MathBuilder.java:439)
[22:29:16] [Worker-Main-15/INFO] (Minecraft) [STDERR]: 	at knot//software.bernie.shadowed.eliotlash.mclib.math.MathBuilder.parseSymbols(MathBuilder.java:266)
[22:29:16] [Worker-Main-15/INFO] (Minecraft) [STDERR]: 	at knot//software.bernie.shadowed.eliotlash.mclib.math.MathBuilder.parseSymbols(MathBuilder.java:308)
[22:29:16] [Worker-Main-15/INFO] (Minecraft) [STDERR]: 	at knot//software.bernie.shadowed.eliotlash.mclib.math.MathBuilder.parseSymbols(MathBuilder.java:283)
[22:29:16] [Worker-Main-15/INFO] (Minecraft) [STDERR]: 	at knot//software.bernie.geckolib3.core.molang.MolangParser.parseSymbolsMolang(MolangParser.java:228)
[22:29:16] [Worker-Main-15/INFO] (Minecraft) [STDERR]: 	at knot//software.bernie.geckolib3.core.molang.MolangParser.parseOneLine(MolangParser.java:216)
[22:29:16] [Worker-Main-15/INFO] (Minecraft) [STDERR]: 	at knot//software.bernie.geckolib3.core.molang.MolangParser.parseExpression(MolangParser.java:174)
[22:29:16] [Worker-Main-15/INFO] (Minecraft) [STDERR]: 	at knot//software.bernie.geckolib3.core.molang.MolangParser.parseJson(MolangParser.java:154)
[22:29:16] [Worker-Main-15/INFO] (Minecraft) [STDERR]: 	at knot//software.bernie.geckolib3.util.json.JsonKeyFrameUtils.parseExpression(JsonKeyFrameUtils.java:179)
[22:29:16] [Worker-Main-15/INFO] (Minecraft) [STDERR]: 	at knot//software.bernie.geckolib3.util.json.JsonKeyFrameUtils.convertJson(JsonKeyFrameUtils.java:57)
[22:29:16] [Worker-Main-15/INFO] (Minecraft) [STDERR]: 	at knot//software.bernie.geckolib3.util.json.JsonKeyFrameUtils.convertJsonToRotationKeyFrames(JsonKeyFrameUtils.java:173)
[22:29:16] [Worker-Main-15/INFO] (Minecraft) [STDERR]: 	at knot//software.bernie.geckolib3.util.json.JsonAnimationUtils.deserializeJsonToAnimation(JsonAnimationUtils.java:278)
[22:29:16] [Worker-Main-15/INFO] (Minecraft) [STDERR]: 	at knot//software.bernie.geckolib3.file.AnimationFileLoader.loadAllAnimations(AnimationFileLoader.java:32)
[22:29:16] [Worker-Main-15/INFO] (Minecraft) [STDERR]: 	at knot//software.bernie.geckolib3.resource.GeckoLibCache.lambda$reload$0(GeckoLibCache.java:73)
[22:29:16] [Worker-Main-15/INFO] (Minecraft) [STDERR]: 	at knot//software.bernie.geckolib3.resource.GeckoLibCache.lambda$loadResources$5(GeckoLibCache.java:91)
[22:29:16] [Worker-Main-15/INFO] (Minecraft) [STDERR]: 	at java.base/java.util.concurrent.CompletableFuture$AsyncSupply.run(CompletableFuture.java:1768)
[22:29:16] [Worker-Main-15/INFO] (Minecraft) [STDERR]: 	at java.base/java.util.concurrent.CompletableFuture$AsyncSupply.exec(CompletableFuture.java:1760)
[22:29:16] [Worker-Main-15/INFO] (Minecraft) [STDERR]: 	at java.base/java.util.concurrent.ForkJoinTask.doExec(ForkJoinTask.java:373)
[22:29:16] [Worker-Main-15/INFO] (Minecraft) [STDERR]: 	at java.base/java.util.concurrent.ForkJoinPool$WorkQueue.topLevelExec(ForkJoinPool.java:1182)
[22:29:16] [Worker-Main-15/INFO] (Minecraft) [STDERR]: 	at java.base/java.util.concurrent.ForkJoinPool.scan(ForkJoinPool.java:1655)
[22:29:16] [Worker-Main-15/INFO] (Minecraft) [STDERR]: 	at java.base/java.util.concurrent.ForkJoinPool.runWorker(ForkJoinPool.java:1622)
[22:29:16] [Worker-Main-15/INFO] (Minecraft) [STDERR]: 	at java.base/java.util.concurrent.ForkJoinWorkerThread.run(ForkJoinWorkerThread.java:165)
[22:29:16] [Render thread/INFO] (Minecraft) [STDOUT]: (MidnightLib) Player hats successfully loaded!
[22:29:16] [Render thread/INFO] (timeshattered) This line is printed by an example mod mixin!
[22:29:16] [Render thread/INFO] (timeshattered) This line is printed by an example mod mixin!
[22:29:17] [Worker-Main-14/WARN] (Minecraft) Texture timeshattered:item/fractal_membrane with size 502x482 limits mip level from 4 to 1
[22:29:17] [Worker-Main-14/WARN] (Minecraft) Texture timeshattered:item/fractal_flower with size 307x325 limits mip level from 1 to 0
[22:29:17] [Worker-Main-14/WARN] (Minecraft) minecraft:textures/atlas/blocks.png: dropping miplevel from 4 to 0, because of minimum power of two: 1
[22:29:18] [Render thread/WARN] (Minecraft) Missing sound for event: minecraft:item.goat_horn.play
[22:29:18] [Render thread/WARN] (Minecraft) Missing sound for event: minecraft:entity.goat.screaming.horn_break
[22:29:18] [Render thread/INFO] (Minecraft) OpenAL initialized on device OpenAL Soft on Realtek HD Audio 2nd output (Realtek(R) Audio)
[22:29:18] [Render thread/INFO] (Minecraft) Sound engine started
[22:29:18] [Render thread/INFO] (Minecraft) Created: 2048x2048x0 minecraft:textures/atlas/blocks.png-atlas
[22:29:18] [Render thread/INFO] (Minecraft) Created: 256x128x4 minecraft:textures/atlas/signs.png-atlas
[22:29:18] [Render thread/INFO] (Minecraft) Created: 1024x512x4 minecraft:textures/atlas/banner_patterns.png-atlas
[22:29:18] [Render thread/INFO] (Minecraft) Created: 1024x512x4 minecraft:textures/atlas/shield_patterns.png-atlas
[22:29:18] [Render thread/INFO] (Minecraft) Created: 256x256x4 minecraft:textures/atlas/chest.png-atlas
[22:29:18] [Render thread/INFO] (Minecraft) Created: 512x256x4 minecraft:textures/atlas/beds.png-atlas
[22:29:18] [Render thread/INFO] (Minecraft) Created: 512x256x4 minecraft:textures/atlas/shulker_boxes.png-atlas
[22:29:19] [Render thread/WARN] (Minecraft) Shader rendertype_entity_translucent_emissive could not find sampler named Sampler2 in the specified shader program.
[22:29:19] [Render thread/INFO] (Minecraft) Created: 512x256x0 minecraft:textures/atlas/particles.png-atlas
[22:29:19] [Render thread/INFO] (Minecraft) Created: 256x256x0 minecraft:textures/atlas/paintings.png-atlas
[22:29:19] [Render thread/INFO] (Minecraft) Created: 256x128x0 minecraft:textures/atlas/mob_effects.png-atlas
[22:29:19] [Render thread/WARN] (Minecraft) Shader pickyourpoison:blackscreen could not find sampler named DiffuseSampler in the specified shader program.
[22:29:19] [Render thread/WARN] (Minecraft) Shader pickyourpoison:blackscreen could not find uniform named InSize in the specified shader program.
[22:29:19] [Render thread/WARN] (Minecraft) Shader pickyourpoison:blackscreen could not find uniform named OutSize in the specified shader program.
[22:29:19] [Render thread/INFO] (timeshattered) This line is printed by an example mod mixin!
[22:29:26] [Worker-Bootstrap-1/INFO] (Minecraft) 4283 Datafixer optimizations took 18937 milliseconds
[22:29:37] [Render thread/INFO] (FabricRegistrySync) [fabric-registry-sync] Loaded registry data [file 1/4]
[22:29:37] [Render thread/INFO] (Minecraft) Loaded 7 recipes
[22:29:38] [Render thread/INFO] (Minecraft) Loaded 1183 advancements
[22:29:38] [Render thread/ERROR] (Apoli) There was a problem reading sub-power "super:astro/rebound_totem" in power file "super:astro/rebound": Error reading data field at entity_action.actions.[0]: EntityAction json type "origins:resource" is not defined.
[22:29:38] [Render thread/INFO] (Apoli) Finished loading powers from data files. Registry contains 277 powers.
[22:29:38] [Render thread/INFO] (Origins) Finished loading origins from data files. Registry contains 20 origins.
[22:29:38] [Render thread/INFO] (Origins) Trying to read layer file: origins:origin
[22:29:38] [Render thread/INFO] (Origins) Trying to read layer file: origins:origin
[22:29:38] [Render thread/INFO] (Origins) Trying to read layer file: origins:origin
[22:29:38] [Render thread/INFO] (Origins) Finished loading origin layers from data files. Read 1 layers.
[22:29:39] [Render thread/INFO] (FabricRegistrySync) [fabric-registry-sync] Loaded registry data [file 1/4]
[22:29:40] [Render thread/INFO] (Minecraft) Loaded 7 recipes
[22:29:40] [Render thread/INFO] (Minecraft) Loaded 1183 advancements
[22:29:40] [Render thread/ERROR] (Apoli) There was a problem reading sub-power "super:astro/rebound_totem" in power file "super:astro/rebound": Error reading data field at entity_action.actions.[0]: EntityAction json type "origins:resource" is not defined.
[22:29:40] [Render thread/INFO] (Apoli) Finished loading powers from data files. Registry contains 277 powers.
[22:29:40] [Render thread/INFO] (Origins) Finished loading origins from data files. Registry contains 20 origins.
[22:29:40] [Render thread/INFO] (Origins) Trying to read layer file: origins:origin
[22:29:40] [Render thread/INFO] (Origins) Trying to read layer file: origins:origin
[22:29:40] [Render thread/INFO] (Origins) Trying to read layer file: origins:origin
[22:29:40] [Render thread/INFO] (Origins) Finished loading origin layers from data files. Read 1 layers.
[22:29:40] [Render thread/INFO] (BiomeModificationImpl) Applied 3 biome modifications to 3 of 65 new biomes in 6.291 ms
[22:29:40] [Server thread/INFO] (Minecraft) Starting integrated minecraft server version 1.19.2
[22:29:40] [Server thread/INFO] (Minecraft) Generating keypair
[22:29:40] [Server thread/INFO] (Minecraft) Preparing start region for dimension minecraft:overworld
[22:29:41] [Render thread/INFO] (Minecraft) Preparing spawn area: 0%
[22:29:41] [Render thread/INFO] (Minecraft) Preparing spawn area: 0%
[22:29:41] [Render thread/INFO] (Minecraft) Preparing spawn area: 0%
[22:29:42] [Render thread/INFO] (Minecraft) Preparing spawn area: 0%
[22:29:42] [Render thread/INFO] (Minecraft) Preparing spawn area: 59%
[22:29:42] [Render thread/INFO] (Minecraft) Time elapsed: 2077 ms
[22:29:42] [Server thread/INFO] (Minecraft) Changing view distance to 12, from 10
[22:29:42] [Server thread/INFO] (Minecraft) Changing simulation distance to 12, from 0
[22:29:43] [Server thread/INFO] (Minecraft) Super_Happy[local:E:e57ef411] logged in with entity id 195 at (-315.6546199214798, 91.0, 328.5662489782209)
[22:29:43] [Server thread/INFO] (Minecraft) Super_Happy joined the game
[22:29:44] [Render thread/INFO] (Minecraft) Loaded 279 advancements
[22:29:50] [Render thread/INFO] (Minecraft) [System] [CHAT] Opened the selection GUI for 1 players
[22:29:50] [Server thread/INFO] (Minecraft) Saving and pausing game...
[22:29:50] [Server thread/INFO] (Minecraft) Saving chunks for level 'ServerLevel[testing]'/minecraft:overworld
[22:29:50] [Server thread/INFO] (Minecraft) Saving chunks for level 'ServerLevel[testing]'/shattered_dimensions:the_black_sea
[22:29:50] [Server thread/INFO] (Minecraft) Saving chunks for level 'ServerLevel[testing]'/shattered_dimensions:dream_pocket
[22:29:50] [Server thread/INFO] (Minecraft) Saving chunks for level 'ServerLevel[testing]'/minecraft:the_nether
[22:29:50] [Server thread/INFO] (Minecraft) Saving chunks for level 'ServerLevel[testing]'/minecraft:the_end
[22:29:54] [Server thread/INFO] (Origins) Player literal{Super_Happy} chose Origin: super:lou, for layer: origins:origin
[22:31:51] [Server thread/INFO] (Minecraft) Saving and pausing game...
[22:31:51] [Server thread/INFO] (Minecraft) Saving chunks for level 'ServerLevel[testing]'/minecraft:overworld
[22:31:51] [Server thread/INFO] (Minecraft) Saving chunks for level 'ServerLevel[testing]'/shattered_dimensions:the_black_sea
[22:31:51] [Server thread/INFO] (Minecraft) Saving chunks for level 'ServerLevel[testing]'/shattered_dimensions:dream_pocket
[22:31:51] [Server thread/INFO] (Minecraft) Saving chunks for level 'ServerLevel[testing]'/minecraft:the_nether
[22:31:51] [Server thread/INFO] (Minecraft) Saving chunks for level 'ServerLevel[testing]'/minecraft:the_end
[22:31:51] [Server thread/INFO] (Minecraft) Super_Happy lost connection: Disconnected
[22:31:51] [Server thread/INFO] (Minecraft) Super_Happy left the game
[22:31:51] [Server thread/INFO] (Minecraft) Stopping singleplayer server as player logged out
[22:31:51] [Server thread/INFO] (Minecraft) Stopping server
[22:31:51] [Server thread/INFO] (Minecraft) Saving players
[22:31:51] [Server thread/INFO] (Minecraft) Saving worlds
[22:31:52] [Server thread/INFO] (Minecraft) Saving chunks for level 'ServerLevel[testing]'/minecraft:overworld
[22:31:52] [Server thread/INFO] (Minecraft) Saving chunks for level 'ServerLevel[testing]'/shattered_dimensions:the_black_sea
[22:31:52] [Server thread/INFO] (Minecraft) Saving chunks for level 'ServerLevel[testing]'/shattered_dimensions:dream_pocket
[22:31:52] [Server thread/INFO] (Minecraft) Saving chunks for level 'ServerLevel[testing]'/minecraft:the_nether
[22:31:52] [Server thread/INFO] (Minecraft) Saving chunks for level 'ServerLevel[testing]'/minecraft:the_end
[22:31:52] [Server thread/INFO] (Minecraft) ThreadedAnvilChunkStorage (New World (1)): All chunks are saved
[22:31:52] [Server thread/INFO] (Minecraft) ThreadedAnvilChunkStorage (the_black_sea): All chunks are saved
[22:31:52] [Server thread/INFO] (Minecraft) ThreadedAnvilChunkStorage (dream_pocket): All chunks are saved
[22:31:52] [Server thread/INFO] (Minecraft) ThreadedAnvilChunkStorage (DIM-1): All chunks are saved
[22:31:52] [Server thread/INFO] (Minecraft) ThreadedAnvilChunkStorage (DIM1): All chunks are saved
[22:31:52] [Server thread/INFO] (Minecraft) ThreadedAnvilChunkStorage: All dimensions are saved
[22:31:52] [Render thread/INFO] (timeshattered) This line is printed by an example mod mixin!
[22:31:53] [Render thread/INFO] (timeshattered) This line is printed by an example mod mixin!
[22:31:54] [Render thread/INFO] (FabricRegistrySync) [fabric-registry-sync] Loaded registry data [file 1/4]
[22:31:55] [Render thread/INFO] (Minecraft) Loaded 7 recipes
[22:31:55] [Render thread/INFO] (Minecraft) Loaded 1183 advancements
[22:31:55] [Render thread/ERROR] (Apoli) There was a problem reading sub-power "super:astro/rebound_totem" in power file "super:astro/rebound": Error reading data field at entity_action.actions.[0]: EntityAction json type "origins:resource" is not defined.
[22:31:55] [Render thread/INFO] (Apoli) Finished loading powers from data files. Registry contains 277 powers.
[22:31:55] [Render thread/INFO] (Origins) Finished loading origins from data files. Registry contains 20 origins.
[22:31:55] [Render thread/INFO] (Origins) Trying to read layer file: origins:origin
[22:31:55] [Render thread/INFO] (Origins) Trying to read layer file: origins:origin
[22:31:55] [Render thread/INFO] (Origins) Trying to read layer file: origins:origin
[22:31:55] [Render thread/INFO] (Origins) Finished loading origin layers from data files. Read 1 layers.
[22:32:19] [Render thread/INFO] (FabricRegistrySync) [fabric-registry-sync] Loaded registry data [file 1/4]
[22:32:20] [Render thread/INFO] (Minecraft) Loaded 7 recipes
[22:32:20] [Render thread/INFO] (Minecraft) Loaded 1183 advancements
[22:32:20] [Render thread/ERROR] (Apoli) There was a problem reading sub-power "super:astro/rebound_totem" in power file "super:astro/rebound": Error reading data field at entity_action.actions.[0]: EntityAction json type "origins:resource" is not defined.
[22:32:20] [Render thread/INFO] (Apoli) Finished loading powers from data files. Registry contains 277 powers.
[22:32:20] [Render thread/INFO] (Origins) Finished loading origins from data files. Registry contains 20 origins.
[22:32:20] [Render thread/INFO] (Origins) Trying to read layer file: origins:origin
[22:32:20] [Render thread/INFO] (Origins) Trying to read layer file: origins:origin
[22:32:20] [Render thread/INFO] (Origins) Trying to read layer file: origins:origin
[22:32:20] [Render thread/INFO] (Origins) Finished loading origin layers from data files. Read 1 layers.
[22:32:20] [Render thread/INFO] (BiomeModificationImpl) Applied 3 biome modifications to 3 of 65 new biomes in 354.6 ?s
[22:32:20] [Server thread/INFO] (Minecraft) Starting integrated minecraft server version 1.19.2
[22:32:20] [Server thread/INFO] (Minecraft) Generating keypair
[22:32:20] [Server thread/INFO] (Minecraft) Preparing start region for dimension minecraft:overworld
[22:32:21] [Render thread/INFO] (Minecraft) Preparing spawn area: 0%
[22:32:21] [Render thread/INFO] (Minecraft) Preparing spawn area: 0%
[22:32:21] [Render thread/INFO] (Minecraft) Preparing spawn area: 0%
[22:32:22] [Render thread/INFO] (Minecraft) Preparing spawn area: 3%
[22:32:22] [Server thread/INFO] (Minecraft) Changing view distance to 12, from 10
[22:32:22] [Server thread/INFO] (Minecraft) Changing simulation distance to 12, from 0
[22:32:22] [Render thread/INFO] (Minecraft) Time elapsed: 1850 ms
[22:32:22] [Server thread/INFO] (Minecraft) Super_Happy[local:E:9e6283a8] logged in with entity id 583 at (-368.96098562049, 95.0, 292.0402832537449)
[22:32:22] [Server thread/INFO] (Minecraft) Super_Happy joined the game
[22:32:23] [Render thread/INFO] (Minecraft) Loaded 279 advancements
[22:32:52] [Server thread/INFO] (Minecraft) Saving and pausing game...
[22:32:52] [Server thread/INFO] (Minecraft) Saving chunks for level 'ServerLevel[testing]'/minecraft:overworld
[22:32:52] [Server thread/INFO] (Minecraft) Saving chunks for level 'ServerLevel[testing]'/shattered_dimensions:the_black_sea
[22:32:52] [Server thread/INFO] (Minecraft) Saving chunks for level 'ServerLevel[testing]'/shattered_dimensions:dream_pocket
[22:32:52] [Server thread/INFO] (Minecraft) Saving chunks for level 'ServerLevel[testing]'/minecraft:the_nether
[22:32:52] [Server thread/INFO] (Minecraft) Saving chunks for level 'ServerLevel[testing]'/minecraft:the_end
[22:37:18] [Render thread/INFO] (Minecraft) [System] [CHAT] Opened the selection GUI for 1 players
[22:37:18] [Server thread/INFO] (Minecraft) Saving and pausing game...
[22:37:18] [Server thread/INFO] (Minecraft) Saving chunks for level 'ServerLevel[testing]'/minecraft:overworld
[22:37:18] [Server thread/INFO] (Minecraft) Saving chunks for level 'ServerLevel[testing]'/shattered_dimensions:the_black_sea
[22:37:18] [Server thread/INFO] (Minecraft) Saving chunks for level 'ServerLevel[testing]'/shattered_dimensions:dream_pocket
[22:37:18] [Server thread/INFO] (Minecraft) Saving chunks for level 'ServerLevel[testing]'/minecraft:the_nether
[22:37:18] [Server thread/INFO] (Minecraft) Saving chunks for level 'ServerLevel[testing]'/minecraft:the_end
[22:37:40] [Server thread/INFO] (Origins) Player literal{Super_Happy} chose Origin: super:lou, for layer: origins:origin
[22:37:40] [Server thread/INFO] (Minecraft) Saving and pausing game...
[22:37:40] [Server thread/INFO] (Minecraft) Saving chunks for level 'ServerLevel[testing]'/minecraft:overworld
[22:37:40] [Server thread/INFO] (Minecraft) Saving chunks for level 'ServerLevel[testing]'/shattered_dimensions:the_black_sea
[22:37:40] [Server thread/INFO] (Minecraft) Saving chunks for level 'ServerLevel[testing]'/shattered_dimensions:dream_pocket
[22:37:40] [Server thread/INFO] (Minecraft) Saving chunks for level 'ServerLevel[testing]'/minecraft:the_nether
[22:37:40] [Server thread/INFO] (Minecraft) Saving chunks for level 'ServerLevel[testing]'/minecraft:the_end
[22:38:48] [Server thread/INFO] (Minecraft) Saving and pausing game...
[22:38:48] [Server thread/INFO] (Minecraft) Saving chunks for level 'ServerLevel[testing]'/minecraft:overworld
[22:38:48] [Server thread/INFO] (Minecraft) Saving chunks for level 'ServerLevel[testing]'/shattered_dimensions:the_black_sea
[22:38:48] [Server thread/INFO] (Minecraft) Saving chunks for level 'ServerLevel[testing]'/shattered_dimensions:dream_pocket
[22:38:48] [Server thread/INFO] (Minecraft) Saving chunks for level 'ServerLevel[testing]'/minecraft:the_nether
[22:38:48] [Server thread/INFO] (Minecraft) Saving chunks for level 'ServerLevel[testing]'/minecraft:the_end
[22:38:55] [Server thread/INFO] (Minecraft) Saving and pausing game...
[22:38:55] [Server thread/INFO] (Minecraft) Saving chunks for level 'ServerLevel[testing]'/minecraft:overworld
[22:38:55] [Server thread/INFO] (Minecraft) Saving chunks for level 'ServerLevel[testing]'/shattered_dimensions:the_black_sea
[22:38:55] [Server thread/INFO] (Minecraft) Saving chunks for level 'ServerLevel[testing]'/shattered_dimensions:dream_pocket
[22:38:55] [Server thread/INFO] (Minecraft) Saving chunks for level 'ServerLevel[testing]'/minecraft:the_nether
[22:38:55] [Server thread/INFO] (Minecraft) Saving chunks for level 'ServerLevel[testing]'/minecraft:the_end
[22:38:56] [Server thread/INFO] (Minecraft) Saving and pausing game...
[22:38:56] [Server thread/INFO] (Minecraft) Saving chunks for level 'ServerLevel[testing]'/minecraft:overworld
[22:38:56] [Server thread/INFO] (Minecraft) Saving chunks for level 'ServerLevel[testing]'/shattered_dimensions:the_black_sea
[22:38:56] [Server thread/INFO] (Minecraft) Saving chunks for level 'ServerLevel[testing]'/shattered_dimensions:dream_pocket
[22:38:56] [Server thread/INFO] (Minecraft) Saving chunks for level 'ServerLevel[testing]'/minecraft:the_nether
[22:38:56] [Server thread/INFO] (Minecraft) Saving chunks for level 'ServerLevel[testing]'/minecraft:the_end
[22:41:27] [Server thread/INFO] (Minecraft) Saving and pausing game...
[22:41:27] [Server thread/INFO] (Minecraft) Saving chunks for level 'ServerLevel[testing]'/minecraft:overworld
[22:41:27] [Server thread/INFO] (Minecraft) Saving chunks for level 'ServerLevel[testing]'/shattered_dimensions:the_black_sea
[22:41:27] [Server thread/INFO] (Minecraft) Saving chunks for level 'ServerLevel[testing]'/shattered_dimensions:dream_pocket
[22:41:27] [Server thread/INFO] (Minecraft) Saving chunks for level 'ServerLevel[testing]'/minecraft:the_nether
[22:41:27] [Server thread/INFO] (Minecraft) Saving chunks for level 'ServerLevel[testing]'/minecraft:the_end
[22:41:28] [Server thread/INFO] (Minecraft) Super_Happy lost connection: Disconnected
[22:41:28] [Server thread/INFO] (Minecraft) Super_Happy left the game
[22:41:28] [Server thread/INFO] (Minecraft) Stopping singleplayer server as player logged out
[22:41:28] [Server thread/INFO] (Minecraft) Stopping server
[22:41:28] [Server thread/INFO] (Minecraft) Saving players
[22:41:28] [Server thread/INFO] (Minecraft) Saving worlds
[22:41:28] [Server thread/INFO] (Minecraft) Saving chunks for level 'ServerLevel[testing]'/minecraft:overworld
[22:41:28] [Server thread/INFO] (Minecraft) Saving chunks for level 'ServerLevel[testing]'/shattered_dimensions:the_black_sea
[22:41:28] [Server thread/INFO] (Minecraft) Saving chunks for level 'ServerLevel[testing]'/shattered_dimensions:dream_pocket
[22:41:28] [Server thread/INFO] (Minecraft) Saving chunks for level 'ServerLevel[testing]'/minecraft:the_nether
[22:41:28] [Server thread/INFO] (Minecraft) Saving chunks for level 'ServerLevel[testing]'/minecraft:the_end
[22:41:28] [Server thread/INFO] (Minecraft) ThreadedAnvilChunkStorage (New World (1)): All chunks are saved
[22:41:28] [Server thread/INFO] (Minecraft) ThreadedAnvilChunkStorage (the_black_sea): All chunks are saved
[22:41:28] [Server thread/INFO] (Minecraft) ThreadedAnvilChunkStorage (dream_pocket): All chunks are saved
[22:41:28] [Server thread/INFO] (Minecraft) ThreadedAnvilChunkStorage (DIM-1): All chunks are saved
[22:41:28] [Server thread/INFO] (Minecraft) ThreadedAnvilChunkStorage (DIM1): All chunks are saved
[22:41:28] [Server thread/INFO] (Minecraft) ThreadedAnvilChunkStorage: All dimensions are saved
[22:41:29] [Render thread/INFO] (timeshattered) This line is printed by an example mod mixin!
[22:41:30] [Render thread/INFO] (FabricRegistrySync) [fabric-registry-sync] Loaded registry data [file 1/4]
[22:41:30] [Render thread/INFO] (Minecraft) Loaded 7 recipes
[22:41:30] [Render thread/INFO] (Minecraft) Loaded 1183 advancements
[22:41:30] [Render thread/ERROR] (Apoli) There was a problem reading sub-power "super:astro/rebound_totem" in power file "super:astro/rebound": Error reading data field at entity_action.actions.[0]: EntityAction json type "origins:resource" is not defined.
[22:41:30] [Render thread/INFO] (Apoli) Finished loading powers from data files. Registry contains 277 powers.
[22:41:30] [Render thread/INFO] (Origins) Finished loading origins from data files. Registry contains 20 origins.
[22:41:30] [Render thread/INFO] (Origins) Trying to read layer file: origins:origin
[22:41:30] [Render thread/INFO] (Origins) Trying to read layer file: origins:origin
[22:41:30] [Render thread/INFO] (Origins) Trying to read layer file: origins:origin
[22:41:30] [Render thread/INFO] (Origins) Finished loading origin layers from data files. Read 1 layers.
[22:41:31] [Render thread/INFO] (FabricRegistrySync) [fabric-registry-sync] Loaded registry data [file 1/4]
[22:41:31] [Render thread/INFO] (Minecraft) Loaded 7 recipes
[22:41:31] [Render thread/INFO] (Minecraft) Loaded 1183 advancements
[22:41:31] [Render thread/ERROR] (Apoli) There was a problem reading sub-power "super:astro/rebound_totem" in power file "super:astro/rebound": Error reading data field at entity_action.actions.[0]: EntityAction json type "origins:resource" is not defined.
[22:41:31] [Render thread/INFO] (Apoli) Finished loading powers from data files. Registry contains 277 powers.
[22:41:31] [Render thread/INFO] (Origins) Finished loading origins from data files. Registry contains 20 origins.
[22:41:31] [Render thread/INFO] (Origins) Trying to read layer file: origins:origin
[22:41:31] [Render thread/INFO] (Origins) Trying to read layer file: origins:origin
[22:41:31] [Render thread/INFO] (Origins) Trying to read layer file: origins:origin
[22:41:31] [Render thread/INFO] (Origins) Finished loading origin layers from data files. Read 1 layers.
[22:41:32] [Render thread/INFO] (BiomeModificationImpl) Applied 3 biome modifications to 3 of 65 new biomes in 286.1 ?s
[22:41:32] [Server thread/INFO] (Minecraft) Starting integrated minecraft server version 1.19.2
[22:41:32] [Server thread/INFO] (Minecraft) Generating keypair
[22:41:32] [Server thread/INFO] (Minecraft) Preparing start region for dimension minecraft:overworld
[22:41:32] [Render thread/INFO] (Minecraft) Preparing spawn area: 0%
[22:41:32] [Render thread/INFO] (Minecraft) Preparing spawn area: 0%
[22:41:33] [Render thread/INFO] (Minecraft) Preparing spawn area: 13%
[22:41:33] [Server thread/INFO] (Minecraft) Changing view distance to 12, from 10
[22:41:33] [Server thread/INFO] (Minecraft) Changing simulation distance to 12, from 0
[22:41:33] [Render thread/INFO] (Minecraft) Time elapsed: 1396 ms
[22:41:33] [Server thread/INFO] (Minecraft) Super_Happy[local:E:deec2f18] logged in with entity id 1180 at (-363.5113685607905, 94.0, 299.46340934200816)
[22:41:33] [Server thread/INFO] (Minecraft) Super_Happy joined the game
[22:41:34] [Render thread/INFO] (Minecraft) Loaded 279 advancements
[22:42:08] [Server thread/INFO] (Minecraft) Saving and pausing game...
[22:42:08] [Server thread/INFO] (Minecraft) Saving chunks for level 'ServerLevel[testing]'/minecraft:overworld
[22:42:08] [Server thread/INFO] (Minecraft) Saving chunks for level 'ServerLevel[testing]'/shattered_dimensions:the_black_sea
[22:42:08] [Server thread/INFO] (Minecraft) Saving chunks for level 'ServerLevel[testing]'/shattered_dimensions:dream_pocket
[22:42:08] [Server thread/INFO] (Minecraft) Saving chunks for level 'ServerLevel[testing]'/minecraft:the_nether
[22:42:08] [Server thread/INFO] (Minecraft) Saving chunks for level 'ServerLevel[testing]'/minecraft:the_end
[22:42:08] [Server thread/INFO] (Minecraft) Saving and pausing game...
[22:42:08] [Server thread/INFO] (Minecraft) Saving chunks for level 'ServerLevel[testing]'/minecraft:overworld
[22:42:08] [Server thread/INFO] (Minecraft) Saving chunks for level 'ServerLevel[testing]'/shattered_dimensions:the_black_sea
[22:42:08] [Server thread/INFO] (Minecraft) Saving chunks for level 'ServerLevel[testing]'/shattered_dimensions:dream_pocket
[22:42:08] [Server thread/INFO] (Minecraft) Saving chunks for level 'ServerLevel[testing]'/minecraft:the_nether
[22:42:08] [Server thread/INFO] (Minecraft) Saving chunks for level 'ServerLevel[testing]'/minecraft:the_end
[22:42:09] [Server thread/INFO] (Minecraft) Super_Happy lost connection: Disconnected
[22:42:09] [Server thread/INFO] (Minecraft) Super_Happy left the game
[22:42:09] [Server thread/INFO] (Minecraft) Stopping singleplayer server as player logged out
[22:42:09] [Server thread/INFO] (Minecraft) Stopping server
[22:42:09] [Server thread/INFO] (Minecraft) Saving players
[22:42:09] [Server thread/INFO] (Minecraft) Saving worlds
[22:42:10] [Server thread/INFO] (Minecraft) Saving chunks for level 'ServerLevel[testing]'/minecraft:overworld
[22:42:10] [Server thread/INFO] (Minecraft) Saving chunks for level 'ServerLevel[testing]'/shattered_dimensions:the_black_sea
[22:42:10] [Server thread/INFO] (Minecraft) Saving chunks for level 'ServerLevel[testing]'/shattered_dimensions:dream_pocket
[22:42:10] [Server thread/INFO] (Minecraft) Saving chunks for level 'ServerLevel[testing]'/minecraft:the_nether
[22:42:10] [Server thread/INFO] (Minecraft) Saving chunks for level 'ServerLevel[testing]'/minecraft:the_end
[22:42:10] [Server thread/INFO] (Minecraft) ThreadedAnvilChunkStorage (New World (1)): All chunks are saved
[22:42:10] [Server thread/INFO] (Minecraft) ThreadedAnvilChunkStorage (the_black_sea): All chunks are saved
[22:42:10] [Server thread/INFO] (Minecraft) ThreadedAnvilChunkStorage (dream_pocket): All chunks are saved
[22:42:10] [Server thread/INFO] (Minecraft) ThreadedAnvilChunkStorage (DIM-1): All chunks are saved
[22:42:10] [Server thread/INFO] (Minecraft) ThreadedAnvilChunkStorage (DIM1): All chunks are saved
[22:42:10] [Server thread/INFO] (Minecraft) ThreadedAnvilChunkStorage: All dimensions are saved
[22:42:10] [Render thread/INFO] (timeshattered) This line is printed by an example mod mixin!
[22:42:11] [Render thread/INFO] (FabricRegistrySync) [fabric-registry-sync] Loaded registry data [file 1/4]
[22:42:11] [Render thread/INFO] (Minecraft) Loaded 7 recipes
[22:42:11] [Render thread/INFO] (Minecraft) Loaded 1183 advancements
[22:42:11] [Render thread/ERROR] (Apoli) There was a problem reading sub-power "super:astro/rebound_totem" in power file "super:astro/rebound": Error reading data field at entity_action.actions.[0]: EntityAction json type "origins:resource" is not defined.
[22:42:11] [Render thread/INFO] (Apoli) Finished loading powers from data files. Registry contains 277 powers.
[22:42:11] [Render thread/INFO] (Origins) Finished loading origins from data files. Registry contains 20 origins.
[22:42:11] [Render thread/INFO] (Origins) Trying to read layer file: origins:origin
[22:42:11] [Render thread/INFO] (Origins) Trying to read layer file: origins:origin
[22:42:11] [Render thread/INFO] (Origins) Trying to read layer file: origins:origin
[22:42:11] [Render thread/INFO] (Origins) Finished loading origin layers from data files. Read 1 layers.
[22:42:12] [Render thread/INFO] (FabricRegistrySync) [fabric-registry-sync] Loaded registry data [file 1/4]
[22:42:12] [Render thread/INFO] (Minecraft) Loaded 7 recipes
[22:42:12] [Render thread/INFO] (Minecraft) Loaded 1183 advancements
[22:42:12] [Render thread/ERROR] (Apoli) There was a problem reading sub-power "super:astro/rebound_totem" in power file "super:astro/rebound": Error reading data field at entity_action.actions.[0]: EntityAction json type "origins:resource" is not defined.
[22:42:12] [Render thread/INFO] (Apoli) Finished loading powers from data files. Registry contains 277 powers.
[22:42:12] [Render thread/INFO] (Origins) Finished loading origins from data files. Registry contains 20 origins.
[22:42:12] [Render thread/INFO] (Origins) Trying to read layer file: origins:origin
[22:42:12] [Render thread/INFO] (Origins) Trying to read layer file: origins:origin
[22:42:12] [Render thread/INFO] (Origins) Trying to read layer file: origins:origin
[22:42:12] [Render thread/INFO] (Origins) Finished loading origin layers from data files. Read 1 layers.
[22:42:13] [Render thread/INFO] (BiomeModificationImpl) Applied 3 biome modifications to 3 of 65 new biomes in 261.8 ?s
[22:42:13] [Server thread/INFO] (Minecraft) Starting integrated minecraft server version 1.19.2
[22:42:13] [Server thread/INFO] (Minecraft) Generating keypair
[22:42:13] [Server thread/INFO] (Minecraft) Preparing start region for dimension minecraft:overworld
[22:42:13] [Render thread/INFO] (Minecraft) Preparing spawn area: 0%
[22:42:13] [Render thread/INFO] (Minecraft) Preparing spawn area: 0%
[22:42:14] [Render thread/INFO] (Minecraft) Preparing spawn area: 1%
[22:42:14] [Server thread/INFO] (Minecraft) Changing view distance to 12, from 10
[22:42:14] [Server thread/INFO] (Minecraft) Changing simulation distance to 12, from 0
[22:42:14] [Render thread/INFO] (Minecraft) Time elapsed: 1476 ms
[22:42:14] [Server thread/INFO] (Minecraft) Super_Happy[local:E:6d8bbd42] logged in with entity id 1500 at (-358.1559303716761, 99.77444647890917, 298.15518661724013)
[22:42:14] [Server thread/INFO] (Minecraft) Super_Happy joined the game
[22:42:15] [Render thread/INFO] (Minecraft) Loaded 279 advancements
[22:42:29] [Server thread/INFO] (Minecraft) Saving and pausing game...
[22:42:29] [Server thread/INFO] (Minecraft) Saving chunks for level 'ServerLevel[testing]'/minecraft:overworld
[22:42:29] [Server thread/INFO] (Minecraft) Saving chunks for level 'ServerLevel[testing]'/shattered_dimensions:the_black_sea
[22:42:29] [Server thread/INFO] (Minecraft) Saving chunks for level 'ServerLevel[testing]'/shattered_dimensions:dream_pocket
[22:42:29] [Server thread/INFO] (Minecraft) Saving chunks for level 'ServerLevel[testing]'/minecraft:the_nether
[22:42:29] [Server thread/INFO] (Minecraft) Saving chunks for level 'ServerLevel[testing]'/minecraft:the_end
[22:42:29] [Server thread/INFO] (Minecraft) Saving and pausing game...
[22:42:29] [Server thread/INFO] (Minecraft) Saving chunks for level 'ServerLevel[testing]'/minecraft:overworld
[22:42:29] [Server thread/INFO] (Minecraft) Saving chunks for level 'ServerLevel[testing]'/shattered_dimensions:the_black_sea
[22:42:29] [Server thread/INFO] (Minecraft) Saving chunks for level 'ServerLevel[testing]'/shattered_dimensions:dream_pocket
[22:42:29] [Server thread/INFO] (Minecraft) Saving chunks for level 'ServerLevel[testing]'/minecraft:the_nether
[22:42:29] [Server thread/INFO] (Minecraft) Saving chunks for level 'ServerLevel[testing]'/minecraft:the_end
[22:42:29] [Server thread/INFO] (Minecraft) Super_Happy lost connection: Disconnected
[22:42:29] [Server thread/INFO] (Minecraft) Super_Happy left the game
[22:42:29] [Server thread/INFO] (Minecraft) Stopping singleplayer server as player logged out
[22:42:29] [Server thread/INFO] (Minecraft) Stopping server
[22:42:29] [Server thread/INFO] (Minecraft) Saving players
[22:42:29] [Server thread/INFO] (Minecraft) Saving worlds
[22:42:30] [Server thread/INFO] (Minecraft) Saving chunks for level 'ServerLevel[testing]'/minecraft:overworld
[22:42:30] [Server thread/INFO] (Minecraft) Saving chunks for level 'ServerLevel[testing]'/shattered_dimensions:the_black_sea
[22:42:30] [Server thread/INFO] (Minecraft) Saving chunks for level 'ServerLevel[testing]'/shattered_dimensions:dream_pocket
[22:42:30] [Server thread/INFO] (Minecraft) Saving chunks for level 'ServerLevel[testing]'/minecraft:the_nether
[22:42:30] [Server thread/INFO] (Minecraft) Saving chunks for level 'ServerLevel[testing]'/minecraft:the_end
[22:42:30] [Server thread/INFO] (Minecraft) ThreadedAnvilChunkStorage (New World (1)): All chunks are saved
[22:42:30] [Server thread/INFO] (Minecraft) ThreadedAnvilChunkStorage (the_black_sea): All chunks are saved
[22:42:30] [Server thread/INFO] (Minecraft) ThreadedAnvilChunkStorage (dream_pocket): All chunks are saved
[22:42:30] [Server thread/INFO] (Minecraft) ThreadedAnvilChunkStorage (DIM-1): All chunks are saved
[22:42:30] [Server thread/INFO] (Minecraft) ThreadedAnvilChunkStorage (DIM1): All chunks are saved
[22:42:30] [Server thread/INFO] (Minecraft) ThreadedAnvilChunkStorage: All dimensions are saved
[22:42:30] [Render thread/INFO] (timeshattered) This line is printed by an example mod mixin!
[22:42:32] [Render thread/INFO] (FabricRegistrySync) [fabric-registry-sync] Loaded registry data [file 1/4]
[22:42:32] [Render thread/INFO] (Minecraft) Loaded 7 recipes
[22:42:32] [Render thread/INFO] (Minecraft) Loaded 1183 advancements
[22:42:32] [Render thread/ERROR] (Apoli) There was a problem reading sub-power "super:astro/rebound_totem" in power file "super:astro/rebound": Error reading data field at entity_action.actions.[0]: EntityAction json type "origins:resource" is not defined.
[22:42:32] [Render thread/INFO] (Apoli) Finished loading powers from data files. Registry contains 277 powers.
[22:42:32] [Render thread/INFO] (Origins) Finished loading origins from data files. Registry contains 20 origins.
[22:42:32] [Render thread/INFO] (Origins) Trying to read layer file: origins:origin
[22:42:32] [Render thread/INFO] (Origins) Trying to read layer file: origins:origin
[22:42:32] [Render thread/INFO] (Origins) Trying to read layer file: origins:origin
[22:42:32] [Render thread/INFO] (Origins) Finished loading origin layers from data files. Read 1 layers.
[22:42:43] [Render thread/INFO] (FabricRegistrySync) [fabric-registry-sync] Loaded registry data [file 1/4]
[22:42:43] [Render thread/INFO] (Minecraft) Loaded 7 recipes
[22:42:43] [Render thread/INFO] (Minecraft) Loaded 1183 advancements
[22:42:43] [Render thread/ERROR] (Apoli) There was a problem reading sub-power "super:astro/rebound_totem" in power file "super:astro/rebound": Error reading data field at entity_action.actions.[0]: EntityAction json type "origins:resource" is not defined.
[22:42:43] [Render thread/INFO] (Apoli) Finished loading powers from data files. Registry contains 277 powers.
[22:42:43] [Render thread/INFO] (Origins) Finished loading origins from data files. Registry contains 20 origins.
[22:42:43] [Render thread/INFO] (Origins) Trying to read layer file: origins:origin
[22:42:43] [Render thread/INFO] (Origins) Trying to read layer file: origins:origin
[22:42:43] [Render thread/INFO] (Origins) Trying to read layer file: origins:origin
[22:42:43] [Render thread/INFO] (Origins) Finished loading origin layers from data files. Read 1 layers.
[22:42:44] [Render thread/INFO] (BiomeModificationImpl) Applied 3 biome modifications to 3 of 65 new biomes in 215.4 ?s
[22:42:44] [Server thread/INFO] (Minecraft) Starting integrated minecraft server version 1.19.2
[22:42:44] [Server thread/INFO] (Minecraft) Generating keypair
[22:42:44] [Server thread/INFO] (Minecraft) Preparing start region for dimension minecraft:overworld
[22:42:44] [Render thread/INFO] (Minecraft) Preparing spawn area: 0%
[22:42:44] [Render thread/INFO] (Minecraft) Preparing spawn area: 0%
[22:42:45] [Render thread/INFO] (Minecraft) Preparing spawn area: 11%
[22:42:45] [Server thread/INFO] (Minecraft) Changing view distance to 12, from 10
[22:42:45] [Server thread/INFO] (Minecraft) Changing simulation distance to 12, from 0
[22:42:45] [Render thread/INFO] (Minecraft) Time elapsed: 1225 ms
[22:42:45] [Server thread/INFO] (Minecraft) Super_Happy[local:E:14b541f4] logged in with entity id 1819 at (-357.10479143872624, 91.0, 302.49792892467735)
[22:42:45] [Server thread/INFO] (Minecraft) Super_Happy joined the game
[22:42:45] [Render thread/INFO] (Minecraft) Loaded 279 advancements
[22:49:48] [Server thread/INFO] (Minecraft) Saving and pausing game...
[22:49:48] [Server thread/INFO] (Minecraft) Saving chunks for level 'ServerLevel[testing]'/minecraft:overworld
[22:49:48] [Server thread/INFO] (Minecraft) Saving chunks for level 'ServerLevel[testing]'/shattered_dimensions:the_black_sea
[22:49:48] [Server thread/INFO] (Minecraft) Saving chunks for level 'ServerLevel[testing]'/shattered_dimensions:dream_pocket
[22:49:48] [Server thread/INFO] (Minecraft) Saving chunks for level 'ServerLevel[testing]'/minecraft:the_nether
[22:49:48] [Server thread/INFO] (Minecraft) Saving chunks for level 'ServerLevel[testing]'/minecraft:the_end
[22:49:49] [Server thread/INFO] (Minecraft) Super_Happy lost connection: Disconnected
[22:49:49] [Server thread/INFO] (Minecraft) Super_Happy left the game
[22:49:49] [Server thread/INFO] (Minecraft) Stopping singleplayer server as player logged out
[22:49:49] [Server thread/INFO] (Minecraft) Stopping server
[22:49:49] [Server thread/INFO] (Minecraft) Saving players
[22:49:49] [Server thread/INFO] (Minecraft) Saving worlds
[22:49:50] [Server thread/INFO] (Minecraft) Saving chunks for level 'ServerLevel[testing]'/minecraft:overworld
[22:49:50] [Server thread/INFO] (Minecraft) Saving chunks for level 'ServerLevel[testing]'/shattered_dimensions:the_black_sea
[22:49:50] [Server thread/INFO] (Minecraft) Saving chunks for level 'ServerLevel[testing]'/shattered_dimensions:dream_pocket
[22:49:50] [Server thread/INFO] (Minecraft) Saving chunks for level 'ServerLevel[testing]'/minecraft:the_nether
[22:49:50] [Server thread/INFO] (Minecraft) Saving chunks for level 'ServerLevel[testing]'/minecraft:the_end
[22:49:50] [Server thread/INFO] (Minecraft) ThreadedAnvilChunkStorage (New World (1)): All chunks are saved
[22:49:50] [Server thread/INFO] (Minecraft) ThreadedAnvilChunkStorage (the_black_sea): All chunks are saved
[22:49:50] [Server thread/INFO] (Minecraft) ThreadedAnvilChunkStorage (dream_pocket): All chunks are saved
[22:49:50] [Server thread/INFO] (Minecraft) ThreadedAnvilChunkStorage (DIM-1): All chunks are saved
[22:49:50] [Server thread/INFO] (Minecraft) ThreadedAnvilChunkStorage (DIM1): All chunks are saved
[22:49:50] [Server thread/INFO] (Minecraft) ThreadedAnvilChunkStorage: All dimensions are saved
[22:49:50] [Render thread/INFO] (timeshattered) This line is printed by an example mod mixin!
[22:49:50] [Render thread/INFO] (Minecraft) Stopping!
